2014/09/23 13:38:56 [error] [exception.CDbException] exception 'CDbException' with message 'CDbConnection failed to open the DB connection: SQLSTATE[28000] [1045] Access denied for user 'root'@'localhost' (using password: NO)' in /home/witwave/www/cropwechat/framework/db/CDbConnection.php:382
Stack trace:
#0 /home/witwave/www/cropwechat/framework/db/CDbConnection.php(330): CDbConnection->open()
#1 /home/witwave/www/cropwechat/framework/db/CDbConnection.php(308): CDbConnection->setActive(true)
#2 /home/witwave/www/cropwechat/framework/base/CModule.php(387): CDbConnection->init()
#3 /home/witwave/www/cropwechat/framework/base/CModule.php(103): CModule->getComponent('db')
#4 /home/witwave/www/cropwechat/framework/gii/generators/model/ModelCode.php(60): CModule->__get('db')
#5 /home/witwave/www/cropwechat/framework/web/CFormModel.php(39): ModelCode->init()
#6 /home/witwave/www/cropwechat/framework/gii/CCodeGenerator.php(153): CFormModel->__construct()
#7 /home/witwave/www/cropwechat/framework/gii/CCodeGenerator.php(63): CCodeGenerator->prepare()
#8 /home/witwave/www/cropwechat/framework/web/actions/CInlineAction.php(49): CCodeGenerator->actionIndex()
#9 /home/witwave/www/cropwechat/framework/web/CController.php(308): CInlineAction->runWithParams(Array)
#10 /home/witwave/www/cropwechat/framework/web/CController.php(286): CController->runAction(Object(CInlineAction))
#11 /home/witwave/www/cropwechat/framework/web/CController.php(265): CController->runActionWithFilters(Object(CInlineAction), Array)
#12 /home/witwave/www/cropwechat/framework/web/CWebApplication.php(282): CController->run('index')
#13 /home/witwave/www/cropwechat/framework/web/CWebApplication.php(141): CWebApplication->runController('gii/model/index')
#14 /home/witwave/www/cropwechat/framework/base/CApplication.php(180): CWebApplication->processRequest()
#15 /home/witwave/www/cropwechat/apps/crm/index.php(13): CApplication->run()
#16 {main}
REQUEST_URI=/cropwechat/apps/crm/index.php?r=gii/model/index
HTTP_REFERER=http://localhost/cropwechat/apps/crm/index.php?r=gii/default/index
---
